2025-08-11 21:03:42 [restartedMain] INFO  c.s.i.InventoryManagementApplication - Starting InventoryManagementApplication using Java 21.0.8 with PID 14920 (D:\Study\Rajiv\Cursor\inventory_management_jdk21\target\classes started by TU-PC in D:\Study\Rajiv\Cursor\inventory_management_jdk21)
2025-08-11 21:03:42 [restartedMain] INFO  c.s.i.InventoryManagementApplication - No active profile set, falling back to 1 default profile: "default"
2025-08-11 21:03:42 [restartedMain] INFO  o.s.b.d.e.DevToolsPropertyDefaultsPostProcessor - Devtools property defaults active! Set 'spring.devtools.add-properties' to 'false' to disable
2025-08-11 21:03:42 [restartedMain] INFO  o.s.b.d.e.DevToolsPropertyDefaultsPostProcessor - For additional web related logging consider setting the 'logging.level.web' property to 'DEBUG'
2025-08-11 21:03:43 [restartedMain] INFO  o.s.d.r.c.RepositoryConfigurationDelegate - Bootstrapping Spring Data JPA repositories in DEFAULT mode.
2025-08-11 21:03:43 [restartedMain] INFO  o.s.d.r.c.RepositoryConfigurationDelegate - Finished Spring Data repository scanning in 55 ms. Found 3 JPA repository interfaces.
2025-08-11 21:03:44 [restartedMain] INFO  o.s.b.w.e.tomcat.TomcatWebServer - Tomcat initialized with port 8080 (http)
2025-08-11 21:03:44 [restartedMain] INFO  o.a.catalina.core.StandardService - Starting service [Tomcat]
2025-08-11 21:03:44 [restartedMain] INFO  o.a.catalina.core.StandardEngine - Starting Servlet engine: [Apache Tomcat/10.1.31]
2025-08-11 21:03:44 [restartedMain] INFO  o.apache.jasper.servlet.TldScanner - At least one JAR was scanned for TLDs yet contained no TLDs. Enable debug logging for this logger for a complete list of JARs that were scanned but no TLDs were found in them. Skipping unneeded JARs during scanning can improve startup time and JSP compilation time.
2025-08-11 21:03:44 [restartedMain] INFO  o.a.c.c.C.[.[.[/swarajtraders] - Initializing Spring embedded WebApplicationContext
2025-08-11 21:03:44 [restartedMain] INFO  o.s.b.w.s.c.ServletWebServerApplicationContext - Root WebApplicationContext: initialization completed in 1504 ms
2025-08-11 21:03:44 [restartedMain] DEBUG com.zaxxer.hikari.HikariConfig - Driver class org.h2.Driver found in Thread context class loader jdk.internal.loader.ClassLoaders$AppClassLoader@33909752
2025-08-11 21:03:44 [restartedMain] DEBUG com.zaxxer.hikari.HikariConfig - HikariPool-1 - configuration:
2025-08-11 21:03:44 [restartedMain] DEBUG com.zaxxer.hikari.HikariConfig - allowPoolSuspension.............false
2025-08-11 21:03:44 [restartedMain] DEBUG com.zaxxer.hikari.HikariConfig - autoCommit......................true
2025-08-11 21:03:44 [restartedMain] DEBUG com.zaxxer.hikari.HikariConfig - catalog.........................none
2025-08-11 21:03:44 [restartedMain] DEBUG com.zaxxer.hikari.HikariConfig - connectionInitSql...............none
2025-08-11 21:03:44 [restartedMain] DEBUG com.zaxxer.hikari.HikariConfig - connectionTestQuery.............none
2025-08-11 21:03:44 [restartedMain] DEBUG com.zaxxer.hikari.HikariConfig - connectionTimeout...............30000
2025-08-11 21:03:44 [restartedMain] DEBUG com.zaxxer.hikari.HikariConfig - dataSource......................none
2025-08-11 21:03:44 [restartedMain] DEBUG com.zaxxer.hikari.HikariConfig - dataSourceClassName.............none
2025-08-11 21:03:44 [restartedMain] DEBUG com.zaxxer.hikari.HikariConfig - dataSourceJNDI..................none
2025-08-11 21:03:44 [restartedMain] DEBUG com.zaxxer.hikari.HikariConfig - dataSourceProperties............{password=<masked>}
2025-08-11 21:03:44 [restartedMain] DEBUG com.zaxxer.hikari.HikariConfig - driverClassName................."org.h2.Driver"
2025-08-11 21:03:44 [restartedMain] DEBUG com.zaxxer.hikari.HikariConfig - exceptionOverrideClassName......none
2025-08-11 21:03:44 [restartedMain] DEBUG com.zaxxer.hikari.HikariConfig - healthCheckProperties...........{}
2025-08-11 21:03:44 [restartedMain] DEBUG com.zaxxer.hikari.HikariConfig - healthCheckRegistry.............none
2025-08-11 21:03:44 [restartedMain] DEBUG com.zaxxer.hikari.HikariConfig - idleTimeout.....................600000
2025-08-11 21:03:44 [restartedMain] DEBUG com.zaxxer.hikari.HikariConfig - initializationFailTimeout.......1
2025-08-11 21:03:44 [restartedMain] DEBUG com.zaxxer.hikari.HikariConfig - isolateInternalQueries..........false
2025-08-11 21:03:44 [restartedMain] DEBUG com.zaxxer.hikari.HikariConfig - jdbcUrl.........................jdbc:h2:file:./inventory_management_db;DB_CLOSE_ON_EXIT=FALSE;DB_CLOSE_DELAY=-1
2025-08-11 21:03:44 [restartedMain] DEBUG com.zaxxer.hikari.HikariConfig - keepaliveTime...................0
2025-08-11 21:03:44 [restartedMain] DEBUG com.zaxxer.hikari.HikariConfig - leakDetectionThreshold..........0
2025-08-11 21:03:44 [restartedMain] DEBUG com.zaxxer.hikari.HikariConfig - maxLifetime.....................1800000
2025-08-11 21:03:44 [restartedMain] DEBUG com.zaxxer.hikari.HikariConfig - maximumPoolSize.................10
2025-08-11 21:03:44 [restartedMain] DEBUG com.zaxxer.hikari.HikariConfig - metricRegistry..................none
2025-08-11 21:03:44 [restartedMain] DEBUG com.zaxxer.hikari.HikariConfig - metricsTrackerFactory...........none
2025-08-11 21:03:44 [restartedMain] DEBUG com.zaxxer.hikari.HikariConfig - minimumIdle.....................10
2025-08-11 21:03:44 [restartedMain] DEBUG com.zaxxer.hikari.HikariConfig - password........................<masked>
2025-08-11 21:03:44 [restartedMain] DEBUG com.zaxxer.hikari.HikariConfig - poolName........................"HikariPool-1"
2025-08-11 21:03:44 [restartedMain] DEBUG com.zaxxer.hikari.HikariConfig - readOnly........................false
2025-08-11 21:03:44 [restartedMain] DEBUG com.zaxxer.hikari.HikariConfig - registerMbeans..................false
2025-08-11 21:03:44 [restartedMain] DEBUG com.zaxxer.hikari.HikariConfig - scheduledExecutor...............none
2025-08-11 21:03:44 [restartedMain] DEBUG com.zaxxer.hikari.HikariConfig - schema..........................none
2025-08-11 21:03:44 [restartedMain] DEBUG com.zaxxer.hikari.HikariConfig - threadFactory...................internal
2025-08-11 21:03:44 [restartedMain] DEBUG com.zaxxer.hikari.HikariConfig - transactionIsolation............default
2025-08-11 21:03:44 [restartedMain] DEBUG com.zaxxer.hikari.HikariConfig - username........................"rajiv"
2025-08-11 21:03:44 [restartedMain] DEBUG com.zaxxer.hikari.HikariConfig - validationTimeout...............5000
2025-08-11 21:03:44 [restartedMain] INFO  com.zaxxer.hikari.HikariDataSource - HikariPool-1 - Starting...
2025-08-11 21:03:44 [restartedMain] INFO  com.zaxxer.hikari.pool.HikariPool - HikariPool-1 - Added connection conn0: url=jdbc:h2:file:./inventory_management_db user=RAJIV
2025-08-11 21:03:44 [restartedMain] INFO  com.zaxxer.hikari.HikariDataSource - HikariPool-1 - Start completed.
2025-08-11 21:03:44 [restartedMain] INFO  o.s.b.a.h.H2ConsoleAutoConfiguration - H2 console available at '/h2-console'. Database available at 'jdbc:h2:file:./inventory_management_db'
2025-08-11 21:03:44 [restartedMain] INFO  o.h.jpa.internal.util.LogHelper - HHH000204: Processing PersistenceUnitInfo [name: default]
2025-08-11 21:03:44 [restartedMain] INFO  org.hibernate.Version - HHH000412: Hibernate ORM core version 6.5.3.Final
2025-08-11 21:03:44 [restartedMain] INFO  o.h.c.i.RegionFactoryInitiator - HHH000026: Second-level cache disabled
2025-08-11 21:03:45 [restartedMain] INFO  o.s.o.j.p.SpringPersistenceUnitInfo - No LoadTimeWeaver setup: ignoring JPA class transformer
2025-08-11 21:03:45 [restartedMain] INFO  o.h.e.t.j.p.i.JtaPlatformInitiator - HHH000489: No JTA platform available (set 'hibernate.transaction.jta.platform' to enable JTA platform integration)
2025-08-11 21:03:45 [restartedMain] INFO  o.s.o.j.LocalContainerEntityManagerFactoryBean - Initialized JPA EntityManagerFactory for persistence unit 'default'
2025-08-11 21:03:46 [restartedMain] WARN  o.s.b.a.o.j.JpaBaseConfiguration$JpaWebConfiguration - spring.jpa.open-in-view is enabled by default. Therefore, database queries may be performed during view rendering. Explicitly configure spring.jpa.open-in-view to disable this warning
2025-08-11 21:03:46 [restartedMain] INFO  o.s.s.c.a.a.c.InitializeUserDetailsBeanManagerConfigurer$InitializeUserDetailsManagerConfigurer - Global AuthenticationManager configured with UserDetailsService bean with name userService
2025-08-11 21:03:46 [restartedMain] INFO  o.s.b.d.a.OptionalLiveReloadServer - LiveReload server is running on port 35729
2025-08-11 21:03:46 [restartedMain] INFO  o.s.b.w.e.tomcat.TomcatWebServer - Tomcat started on port 8080 (http) with context path '/swarajtraders'
2025-08-11 21:03:46 [restartedMain] INFO  c.s.i.InventoryManagementApplication - Started InventoryManagementApplication in 4.165 seconds (process running for 4.554)
2025-08-11 21:03:46 [restartedMain] INFO  c.s.i.LoggingConfig - Log directory already exists: .
2025-08-11 21:03:46 [restartedMain] INFO  c.s.i.LoggingConfig - Log directory is writable: .
2025-08-11 21:03:55 [http-nio-8080-exec-1] INFO  o.a.c.c.C.[.[.[/swarajtraders] - Initializing Spring DispatcherServlet 'dispatcherServlet'
2025-08-11 21:03:55 [http-nio-8080-exec-1] INFO  o.s.web.servlet.DispatcherServlet - Initializing Servlet 'dispatcherServlet'
2025-08-11 21:03:55 [http-nio-8080-exec-1] INFO  o.s.web.servlet.DispatcherServlet - Completed initialization in 1 ms
2025-08-11 21:03:55 [http-nio-8080-exec-3] INFO  c.s.i.WebController - Login page accessed - error: null, logout: null, expired: null
2025-08-11 21:03:55 [http-nio-8080-exec-4] INFO  c.s.i.WebController - Login page accessed - error: null, logout: null, expired: null
2025-08-11 21:04:24 [http-nio-8080-exec-5] INFO  c.s.i.p.controller.PartyController - Listing all parties
2025-08-11 21:04:24 [http-nio-8080-exec-5] INFO  c.s.i.p.controller.PartyController - Found 2 parties
2025-08-11 21:04:29 [http-nio-8080-exec-5] INFO  c.s.i.item.controller.ItemController - Showing add item form
2025-08-11 21:04:33 [http-nio-8080-exec-9] INFO  c.s.i.item.controller.ItemController - Listing all items
2025-08-11 21:04:33 [http-nio-8080-exec-9] INFO  c.s.i.item.controller.ItemController - Found 2 items
2025-08-11 21:04:39 [http-nio-8080-exec-5] INFO  c.s.i.p.controller.PartyController - Listing all parties
2025-08-11 21:04:39 [http-nio-8080-exec-5] INFO  c.s.i.p.controller.PartyController - Found 2 parties
2025-08-11 21:10:10 [http-nio-8080-exec-5] INFO  c.s.i.item.controller.ItemController - Showing add item form
2025-08-11 21:10:52 [http-nio-8080-exec-5] INFO  c.s.i.item.controller.ItemController - Listing all items
2025-08-11 21:10:52 [http-nio-8080-exec-5] INFO  c.s.i.item.controller.ItemController - Found 2 items
2025-08-11 21:11:32 [http-nio-8080-exec-6] INFO  c.s.i.item.controller.ItemController - Listing all items
2025-08-11 21:11:32 [http-nio-8080-exec-6] INFO  c.s.i.item.controller.ItemController - Found 2 items
2025-08-11 21:13:32 [File Watcher] INFO  o.s.b.d.a.LocalDevToolsAutoConfiguration$RestartingClassPathChangeChangedEventListener - Restarting due to 1 class path change (0 additions, 0 deletions, 1 modification)
2025-08-11 21:13:32 [Thread-6] INFO  o.s.o.j.LocalContainerEntityManagerFactoryBean - Closing JPA EntityManagerFactory for persistence unit 'default'
2025-08-11 21:13:32 [Thread-6] INFO  com.zaxxer.hikari.HikariDataSource - HikariPool-1 - Shutdown initiated...
2025-08-11 21:13:32 [Thread-6] INFO  com.zaxxer.hikari.HikariDataSource - HikariPool-1 - Shutdown completed.
2025-08-11 21:13:32 [restartedMain] INFO  c.s.i.InventoryManagementApplication - Starting InventoryManagementApplication using Java 21.0.8 with PID 14920 (D:\Study\Rajiv\Cursor\inventory_management_jdk21\target\classes started by TU-PC in D:\Study\Rajiv\Cursor\inventory_management_jdk21)
2025-08-11 21:13:32 [restartedMain] INFO  c.s.i.InventoryManagementApplication - No active profile set, falling back to 1 default profile: "default"
2025-08-11 21:13:32 [restartedMain] INFO  o.s.d.r.c.RepositoryConfigurationDelegate - Bootstrapping Spring Data JPA repositories in DEFAULT mode.
2025-08-11 21:13:32 [restartedMain] INFO  o.s.d.r.c.RepositoryConfigurationDelegate - Finished Spring Data repository scanning in 18 ms. Found 3 JPA repository interfaces.
2025-08-11 21:13:32 [restartedMain] INFO  o.s.b.w.e.tomcat.TomcatWebServer - Tomcat initialized with port 8080 (http)
2025-08-11 21:13:32 [restartedMain] INFO  o.a.catalina.core.StandardService - Starting service [Tomcat]
2025-08-11 21:13:32 [restartedMain] INFO  o.a.catalina.core.StandardEngine - Starting Servlet engine: [Apache Tomcat/10.1.31]
2025-08-11 21:13:32 [restartedMain] INFO  o.apache.jasper.servlet.TldScanner - At least one JAR was scanned for TLDs yet contained no TLDs. Enable debug logging for this logger for a complete list of JARs that were scanned but no TLDs were found in them. Skipping unneeded JARs during scanning can improve startup time and JSP compilation time.
2025-08-11 21:13:32 [restartedMain] INFO  o.a.c.c.C.[.[.[/swarajtraders] - Initializing Spring embedded WebApplicationContext
2025-08-11 21:13:32 [restartedMain] INFO  o.s.b.w.s.c.ServletWebServerApplicationContext - Root WebApplicationContext: initialization completed in 351 ms
2025-08-11 21:13:32 [restartedMain] DEBUG com.zaxxer.hikari.HikariConfig - Driver class org.h2.Driver found in Thread context class loader jdk.internal.loader.ClassLoaders$AppClassLoader@33909752
2025-08-11 21:13:32 [restartedMain] DEBUG com.zaxxer.hikari.HikariConfig - HikariPool-2 - configuration:
2025-08-11 21:13:32 [restartedMain] DEBUG com.zaxxer.hikari.HikariConfig - allowPoolSuspension.............false
2025-08-11 21:13:32 [restartedMain] DEBUG com.zaxxer.hikari.HikariConfig - autoCommit......................true
2025-08-11 21:13:32 [restartedMain] DEBUG com.zaxxer.hikari.HikariConfig - catalog.........................none
2025-08-11 21:13:32 [restartedMain] DEBUG com.zaxxer.hikari.HikariConfig - connectionInitSql...............none
2025-08-11 21:13:32 [restartedMain] DEBUG com.zaxxer.hikari.HikariConfig - connectionTestQuery.............none
2025-08-11 21:13:32 [restartedMain] DEBUG com.zaxxer.hikari.HikariConfig - connectionTimeout...............30000
2025-08-11 21:13:32 [restartedMain] DEBUG com.zaxxer.hikari.HikariConfig - dataSource......................none
2025-08-11 21:13:32 [restartedMain] DEBUG com.zaxxer.hikari.HikariConfig - dataSourceClassName.............none
2025-08-11 21:13:32 [restartedMain] DEBUG com.zaxxer.hikari.HikariConfig - dataSourceJNDI..................none
2025-08-11 21:13:32 [restartedMain] DEBUG com.zaxxer.hikari.HikariConfig - dataSourceProperties............{password=<masked>}
2025-08-11 21:13:32 [restartedMain] DEBUG com.zaxxer.hikari.HikariConfig - driverClassName................."org.h2.Driver"
2025-08-11 21:13:32 [restartedMain] DEBUG com.zaxxer.hikari.HikariConfig - exceptionOverrideClassName......none
2025-08-11 21:13:32 [restartedMain] DEBUG com.zaxxer.hikari.HikariConfig - healthCheckProperties...........{}
2025-08-11 21:13:32 [restartedMain] DEBUG com.zaxxer.hikari.HikariConfig - healthCheckRegistry.............none
2025-08-11 21:13:32 [restartedMain] DEBUG com.zaxxer.hikari.HikariConfig - idleTimeout.....................600000
2025-08-11 21:13:32 [restartedMain] DEBUG com.zaxxer.hikari.HikariConfig - initializationFailTimeout.......1
2025-08-11 21:13:32 [restartedMain] DEBUG com.zaxxer.hikari.HikariConfig - isolateInternalQueries..........false
2025-08-11 21:13:32 [restartedMain] DEBUG com.zaxxer.hikari.HikariConfig - jdbcUrl.........................jdbc:h2:file:./inventory_management_db;DB_CLOSE_ON_EXIT=FALSE;DB_CLOSE_DELAY=-1
2025-08-11 21:13:32 [restartedMain] DEBUG com.zaxxer.hikari.HikariConfig - keepaliveTime...................0
2025-08-11 21:13:32 [restartedMain] DEBUG com.zaxxer.hikari.HikariConfig - leakDetectionThreshold..........0
2025-08-11 21:13:32 [restartedMain] DEBUG com.zaxxer.hikari.HikariConfig - maxLifetime.....................1800000
2025-08-11 21:13:32 [restartedMain] DEBUG com.zaxxer.hikari.HikariConfig - maximumPoolSize.................10
2025-08-11 21:13:32 [restartedMain] DEBUG com.zaxxer.hikari.HikariConfig - metricRegistry..................none
2025-08-11 21:13:32 [restartedMain] DEBUG com.zaxxer.hikari.HikariConfig - metricsTrackerFactory...........none
2025-08-11 21:13:32 [restartedMain] DEBUG com.zaxxer.hikari.HikariConfig - minimumIdle.....................10
2025-08-11 21:13:32 [restartedMain] DEBUG com.zaxxer.hikari.HikariConfig - password........................<masked>
2025-08-11 21:13:32 [restartedMain] DEBUG com.zaxxer.hikari.HikariConfig - poolName........................"HikariPool-2"
2025-08-11 21:13:32 [restartedMain] DEBUG com.zaxxer.hikari.HikariConfig - readOnly........................false
2025-08-11 21:13:32 [restartedMain] DEBUG com.zaxxer.hikari.HikariConfig - registerMbeans..................false
2025-08-11 21:13:32 [restartedMain] DEBUG com.zaxxer.hikari.HikariConfig - scheduledExecutor...............none
2025-08-11 21:13:32 [restartedMain] DEBUG com.zaxxer.hikari.HikariConfig - schema..........................none
2025-08-11 21:13:32 [restartedMain] DEBUG com.zaxxer.hikari.HikariConfig - threadFactory...................internal
2025-08-11 21:13:32 [restartedMain] DEBUG com.zaxxer.hikari.HikariConfig - transactionIsolation............default
2025-08-11 21:13:32 [restartedMain] DEBUG com.zaxxer.hikari.HikariConfig - username........................"rajiv"
2025-08-11 21:13:32 [restartedMain] DEBUG com.zaxxer.hikari.HikariConfig - validationTimeout...............5000
2025-08-11 21:13:32 [restartedMain] INFO  com.zaxxer.hikari.HikariDataSource - HikariPool-2 - Starting...
2025-08-11 21:13:32 [restartedMain] INFO  com.zaxxer.hikari.pool.HikariPool - HikariPool-2 - Added connection conn10: url=jdbc:h2:file:./inventory_management_db user=RAJIV
2025-08-11 21:13:32 [restartedMain] INFO  com.zaxxer.hikari.HikariDataSource - HikariPool-2 - Start completed.
2025-08-11 21:13:32 [restartedMain] INFO  o.s.b.a.h.H2ConsoleAutoConfiguration - H2 console available at '/h2-console'. Database available at 'jdbc:h2:file:./inventory_management_db'
2025-08-11 21:13:33 [restartedMain] INFO  o.h.jpa.internal.util.LogHelper - HHH000204: Processing PersistenceUnitInfo [name: default]
2025-08-11 21:13:33 [restartedMain] INFO  o.h.c.i.RegionFactoryInitiator - HHH000026: Second-level cache disabled
2025-08-11 21:13:33 [restartedMain] INFO  o.s.o.j.p.SpringPersistenceUnitInfo - No LoadTimeWeaver setup: ignoring JPA class transformer
2025-08-11 21:13:33 [restartedMain] INFO  o.h.e.t.j.p.i.JtaPlatformInitiator - HHH000489: No JTA platform available (set 'hibernate.transaction.jta.platform' to enable JTA platform integration)
2025-08-11 21:13:33 [restartedMain] INFO  o.s.o.j.LocalContainerEntityManagerFactoryBean - Initialized JPA EntityManagerFactory for persistence unit 'default'
2025-08-11 21:13:33 [restartedMain] WARN  o.s.b.a.o.j.JpaBaseConfiguration$JpaWebConfiguration - spring.jpa.open-in-view is enabled by default. Therefore, database queries may be performed during view rendering. Explicitly configure spring.jpa.open-in-view to disable this warning
2025-08-11 21:13:33 [restartedMain] INFO  o.s.s.c.a.a.c.InitializeUserDetailsBeanManagerConfigurer$InitializeUserDetailsManagerConfigurer - Global AuthenticationManager configured with UserDetailsService bean with name userService
2025-08-11 21:13:33 [restartedMain] INFO  o.s.b.d.a.OptionalLiveReloadServer - LiveReload server is running on port 35729
2025-08-11 21:13:33 [restartedMain] INFO  o.s.b.w.e.tomcat.TomcatWebServer - Tomcat started on port 8080 (http) with context path '/swarajtraders'
2025-08-11 21:13:33 [restartedMain] INFO  c.s.i.InventoryManagementApplication - Started InventoryManagementApplication in 0.673 seconds (process running for 591.212)
2025-08-11 21:13:33 [restartedMain] INFO  c.s.i.LoggingConfig - Log directory already exists: .
2025-08-11 21:13:33 [restartedMain] INFO  c.s.i.LoggingConfig - Log directory is writable: .
2025-08-11 21:13:33 [restartedMain] INFO  o.s.b.d.a.ConditionEvaluationDeltaLoggingListener - Condition evaluation unchanged
2025-08-11 21:13:46 [File Watcher] INFO  o.s.b.d.a.LocalDevToolsAutoConfiguration$RestartingClassPathChangeChangedEventListener - Restarting due to 1 class path change (0 additions, 0 deletions, 1 modification)
2025-08-11 21:13:46 [Thread-8] INFO  o.s.o.j.LocalContainerEntityManagerFactoryBean - Closing JPA EntityManagerFactory for persistence unit 'default'
2025-08-11 21:13:46 [Thread-8] INFO  com.zaxxer.hikari.HikariDataSource - HikariPool-2 - Shutdown initiated...
2025-08-11 21:13:46 [Thread-8] INFO  com.zaxxer.hikari.HikariDataSource - HikariPool-2 - Shutdown completed.
2025-08-11 21:13:47 [restartedMain] INFO  c.s.i.InventoryManagementApplication - Starting InventoryManagementApplication using Java 21.0.8 with PID 14920 (D:\Study\Rajiv\Cursor\inventory_management_jdk21\target\classes started by TU-PC in D:\Study\Rajiv\Cursor\inventory_management_jdk21)
2025-08-11 21:13:47 [restartedMain] INFO  c.s.i.InventoryManagementApplication - No active profile set, falling back to 1 default profile: "default"
2025-08-11 21:13:47 [restartedMain] INFO  o.s.d.r.c.RepositoryConfigurationDelegate - Bootstrapping Spring Data JPA repositories in DEFAULT mode.
2025-08-11 21:13:47 [restartedMain] INFO  o.s.d.r.c.RepositoryConfigurationDelegate - Finished Spring Data repository scanning in 14 ms. Found 3 JPA repository interfaces.
2025-08-11 21:13:47 [restartedMain] INFO  o.s.b.w.e.tomcat.TomcatWebServer - Tomcat initialized with port 8080 (http)
2025-08-11 21:13:47 [restartedMain] INFO  o.a.catalina.core.StandardService - Starting service [Tomcat]
2025-08-11 21:13:47 [restartedMain] INFO  o.a.catalina.core.StandardEngine - Starting Servlet engine: [Apache Tomcat/10.1.31]
2025-08-11 21:13:47 [restartedMain] INFO  o.apache.jasper.servlet.TldScanner - At least one JAR was scanned for TLDs yet contained no TLDs. Enable debug logging for this logger for a complete list of JARs that were scanned but no TLDs were found in them. Skipping unneeded JARs during scanning can improve startup time and JSP compilation time.
2025-08-11 21:13:47 [restartedMain] INFO  o.a.c.c.C.[.[.[/swarajtraders] - Initializing Spring embedded WebApplicationContext
2025-08-11 21:13:47 [restartedMain] INFO  o.s.b.w.s.c.ServletWebServerApplicationContext - Root WebApplicationContext: initialization completed in 279 ms
2025-08-11 21:13:47 [restartedMain] DEBUG com.zaxxer.hikari.HikariConfig - Driver class org.h2.Driver found in Thread context class loader jdk.internal.loader.ClassLoaders$AppClassLoader@33909752
2025-08-11 21:13:47 [restartedMain] DEBUG com.zaxxer.hikari.HikariConfig - HikariPool-3 - configuration:
2025-08-11 21:13:47 [restartedMain] DEBUG com.zaxxer.hikari.HikariConfig - allowPoolSuspension.............false
2025-08-11 21:13:47 [restartedMain] DEBUG com.zaxxer.hikari.HikariConfig - autoCommit......................true
2025-08-11 21:13:47 [restartedMain] DEBUG com.zaxxer.hikari.HikariConfig - catalog.........................none
2025-08-11 21:13:47 [restartedMain] DEBUG com.zaxxer.hikari.HikariConfig - connectionInitSql...............none
2025-08-11 21:13:47 [restartedMain] DEBUG com.zaxxer.hikari.HikariConfig - connectionTestQuery.............none
2025-08-11 21:13:47 [restartedMain] DEBUG com.zaxxer.hikari.HikariConfig - connectionTimeout...............30000
2025-08-11 21:13:47 [restartedMain] DEBUG com.zaxxer.hikari.HikariConfig - dataSource......................none
2025-08-11 21:13:47 [restartedMain] DEBUG com.zaxxer.hikari.HikariConfig - dataSourceClassName.............none
2025-08-11 21:13:47 [restartedMain] DEBUG com.zaxxer.hikari.HikariConfig - dataSourceJNDI..................none
2025-08-11 21:13:47 [restartedMain] DEBUG com.zaxxer.hikari.HikariConfig - dataSourceProperties............{password=<masked>}
2025-08-11 21:13:47 [restartedMain] DEBUG com.zaxxer.hikari.HikariConfig - driverClassName................."org.h2.Driver"
2025-08-11 21:13:47 [restartedMain] DEBUG com.zaxxer.hikari.HikariConfig - exceptionOverrideClassName......none
2025-08-11 21:13:47 [restartedMain] DEBUG com.zaxxer.hikari.HikariConfig - healthCheckProperties...........{}
2025-08-11 21:13:47 [restartedMain] DEBUG com.zaxxer.hikari.HikariConfig - healthCheckRegistry.............none
2025-08-11 21:13:47 [restartedMain] DEBUG com.zaxxer.hikari.HikariConfig - idleTimeout.....................600000
2025-08-11 21:13:47 [restartedMain] DEBUG com.zaxxer.hikari.HikariConfig - initializationFailTimeout.......1
2025-08-11 21:13:47 [restartedMain] DEBUG com.zaxxer.hikari.HikariConfig - isolateInternalQueries..........false
2025-08-11 21:13:47 [restartedMain] DEBUG com.zaxxer.hikari.HikariConfig - jdbcUrl.........................jdbc:h2:file:./inventory_management_db;DB_CLOSE_ON_EXIT=FALSE;DB_CLOSE_DELAY=-1
2025-08-11 21:13:47 [restartedMain] DEBUG com.zaxxer.hikari.HikariConfig - keepaliveTime...................0
2025-08-11 21:13:47 [restartedMain] DEBUG com.zaxxer.hikari.HikariConfig - leakDetectionThreshold..........0
2025-08-11 21:13:47 [restartedMain] DEBUG com.zaxxer.hikari.HikariConfig - maxLifetime.....................1800000
2025-08-11 21:13:47 [restartedMain] DEBUG com.zaxxer.hikari.HikariConfig - maximumPoolSize.................10
2025-08-11 21:13:47 [restartedMain] DEBUG com.zaxxer.hikari.HikariConfig - metricRegistry..................none
2025-08-11 21:13:47 [restartedMain] DEBUG com.zaxxer.hikari.HikariConfig - metricsTrackerFactory...........none
2025-08-11 21:13:47 [restartedMain] DEBUG com.zaxxer.hikari.HikariConfig - minimumIdle.....................10
2025-08-11 21:13:47 [restartedMain] DEBUG com.zaxxer.hikari.HikariConfig - password........................<masked>
2025-08-11 21:13:47 [restartedMain] DEBUG com.zaxxer.hikari.HikariConfig - poolName........................"HikariPool-3"
2025-08-11 21:13:47 [restartedMain] DEBUG com.zaxxer.hikari.HikariConfig - readOnly........................false
2025-08-11 21:13:47 [restartedMain] DEBUG com.zaxxer.hikari.HikariConfig - registerMbeans..................false
2025-08-11 21:13:47 [restartedMain] DEBUG com.zaxxer.hikari.HikariConfig - scheduledExecutor...............none
2025-08-11 21:13:47 [restartedMain] DEBUG com.zaxxer.hikari.HikariConfig - schema..........................none
2025-08-11 21:13:47 [restartedMain] DEBUG com.zaxxer.hikari.HikariConfig - threadFactory...................internal
2025-08-11 21:13:47 [restartedMain] DEBUG com.zaxxer.hikari.HikariConfig - transactionIsolation............default
2025-08-11 21:13:47 [restartedMain] DEBUG com.zaxxer.hikari.HikariConfig - username........................"rajiv"
2025-08-11 21:13:47 [restartedMain] DEBUG com.zaxxer.hikari.HikariConfig - validationTimeout...............5000
2025-08-11 21:13:47 [restartedMain] INFO  com.zaxxer.hikari.HikariDataSource - HikariPool-3 - Starting...
2025-08-11 21:13:47 [restartedMain] INFO  com.zaxxer.hikari.pool.HikariPool - HikariPool-3 - Added connection conn20: url=jdbc:h2:file:./inventory_management_db user=RAJIV
2025-08-11 21:13:47 [restartedMain] INFO  com.zaxxer.hikari.HikariDataSource - HikariPool-3 - Start completed.
2025-08-11 21:13:47 [restartedMain] INFO  o.s.b.a.h.H2ConsoleAutoConfiguration - H2 console available at '/h2-console'. Database available at 'jdbc:h2:file:./inventory_management_db'
2025-08-11 21:13:47 [restartedMain] INFO  o.h.jpa.internal.util.LogHelper - HHH000204: Processing PersistenceUnitInfo [name: default]
2025-08-11 21:13:47 [restartedMain] INFO  o.h.c.i.RegionFactoryInitiator - HHH000026: Second-level cache disabled
2025-08-11 21:13:47 [restartedMain] INFO  o.s.o.j.p.SpringPersistenceUnitInfo - No LoadTimeWeaver setup: ignoring JPA class transformer
2025-08-11 21:13:47 [restartedMain] INFO  o.h.e.t.j.p.i.JtaPlatformInitiator - HHH000489: No JTA platform available (set 'hibernate.transaction.jta.platform' to enable JTA platform integration)
2025-08-11 21:13:47 [restartedMain] INFO  o.s.o.j.LocalContainerEntityManagerFactoryBean - Initialized JPA EntityManagerFactory for persistence unit 'default'
2025-08-11 21:13:47 [restartedMain] WARN  o.s.b.a.o.j.JpaBaseConfiguration$JpaWebConfiguration - spring.jpa.open-in-view is enabled by default. Therefore, database queries may be performed during view rendering. Explicitly configure spring.jpa.open-in-view to disable this warning
2025-08-11 21:13:47 [restartedMain] INFO  o.s.s.c.a.a.c.InitializeUserDetailsBeanManagerConfigurer$InitializeUserDetailsManagerConfigurer - Global AuthenticationManager configured with UserDetailsService bean with name userService
2025-08-11 21:13:47 [restartedMain] INFO  o.s.b.d.a.OptionalLiveReloadServer - LiveReload server is running on port 35729
2025-08-11 21:13:47 [restartedMain] INFO  o.s.b.w.e.tomcat.TomcatWebServer - Tomcat started on port 8080 (http) with context path '/swarajtraders'
2025-08-11 21:13:47 [restartedMain] INFO  c.s.i.InventoryManagementApplication - Started InventoryManagementApplication in 0.542 seconds (process running for 605.541)
2025-08-11 21:13:47 [restartedMain] INFO  c.s.i.LoggingConfig - Log directory already exists: .
2025-08-11 21:13:47 [restartedMain] INFO  c.s.i.LoggingConfig - Log directory is writable: .
2025-08-11 21:13:47 [restartedMain] INFO  o.s.b.d.a.ConditionEvaluationDeltaLoggingListener - Condition evaluation unchanged
2025-08-11 21:14:15 [File Watcher] INFO  o.s.b.d.a.LocalDevToolsAutoConfiguration$RestartingClassPathChangeChangedEventListener - Restarting due to 1 class path change (0 additions, 0 deletions, 1 modification)
2025-08-11 21:14:15 [Thread-12] INFO  o.s.o.j.LocalContainerEntityManagerFactoryBean - Closing JPA EntityManagerFactory for persistence unit 'default'
2025-08-11 21:14:15 [Thread-12] INFO  com.zaxxer.hikari.HikariDataSource - HikariPool-3 - Shutdown initiated...
2025-08-11 21:14:15 [Thread-12] INFO  com.zaxxer.hikari.HikariDataSource - HikariPool-3 - Shutdown completed.
2025-08-11 21:14:15 [restartedMain] INFO  c.s.i.InventoryManagementApplication - Starting InventoryManagementApplication using Java 21.0.8 with PID 14920 (D:\Study\Rajiv\Cursor\inventory_management_jdk21\target\classes started by TU-PC in D:\Study\Rajiv\Cursor\inventory_management_jdk21)
2025-08-11 21:14:15 [restartedMain] INFO  c.s.i.InventoryManagementApplication - No active profile set, falling back to 1 default profile: "default"
2025-08-11 21:14:15 [restartedMain] INFO  o.s.d.r.c.RepositoryConfigurationDelegate - Bootstrapping Spring Data JPA repositories in DEFAULT mode.
2025-08-11 21:14:15 [restartedMain] INFO  o.s.d.r.c.RepositoryConfigurationDelegate - Finished Spring Data repository scanning in 20 ms. Found 3 JPA repository interfaces.
2025-08-11 21:14:15 [restartedMain] INFO  o.s.b.w.e.tomcat.TomcatWebServer - Tomcat initialized with port 8080 (http)
2025-08-11 21:14:15 [restartedMain] INFO  o.a.catalina.core.StandardService - Starting service [Tomcat]
2025-08-11 21:14:15 [restartedMain] INFO  o.a.catalina.core.StandardEngine - Starting Servlet engine: [Apache Tomcat/10.1.31]
2025-08-11 21:14:15 [restartedMain] INFO  o.apache.jasper.servlet.TldScanner - At least one JAR was scanned for TLDs yet contained no TLDs. Enable debug logging for this logger for a complete list of JARs that were scanned but no TLDs were found in them. Skipping unneeded JARs during scanning can improve startup time and JSP compilation time.
2025-08-11 21:14:15 [restartedMain] INFO  o.a.c.c.C.[.[.[/swarajtraders] - Initializing Spring embedded WebApplicationContext
2025-08-11 21:14:15 [restartedMain] INFO  o.s.b.w.s.c.ServletWebServerApplicationContext - Root WebApplicationContext: initialization completed in 278 ms
2025-08-11 21:14:16 [restartedMain] DEBUG com.zaxxer.hikari.HikariConfig - Driver class org.h2.Driver found in Thread context class loader jdk.internal.loader.ClassLoaders$AppClassLoader@33909752
2025-08-11 21:14:16 [restartedMain] DEBUG com.zaxxer.hikari.HikariConfig - HikariPool-4 - configuration:
2025-08-11 21:14:16 [restartedMain] DEBUG com.zaxxer.hikari.HikariConfig - allowPoolSuspension.............false
2025-08-11 21:14:16 [restartedMain] DEBUG com.zaxxer.hikari.HikariConfig - autoCommit......................true
2025-08-11 21:14:16 [restartedMain] DEBUG com.zaxxer.hikari.HikariConfig - catalog.........................none
2025-08-11 21:14:16 [restartedMain] DEBUG com.zaxxer.hikari.HikariConfig - connectionInitSql...............none
2025-08-11 21:14:16 [restartedMain] DEBUG com.zaxxer.hikari.HikariConfig - connectionTestQuery.............none
2025-08-11 21:14:16 [restartedMain] DEBUG com.zaxxer.hikari.HikariConfig - connectionTimeout...............30000
2025-08-11 21:14:16 [restartedMain] DEBUG com.zaxxer.hikari.HikariConfig - dataSource......................none
2025-08-11 21:14:16 [restartedMain] DEBUG com.zaxxer.hikari.HikariConfig - dataSourceClassName.............none
2025-08-11 21:14:16 [restartedMain] DEBUG com.zaxxer.hikari.HikariConfig - dataSourceJNDI..................none
2025-08-11 21:14:16 [restartedMain] DEBUG com.zaxxer.hikari.HikariConfig - dataSourceProperties............{password=<masked>}
2025-08-11 21:14:16 [restartedMain] DEBUG com.zaxxer.hikari.HikariConfig - driverClassName................."org.h2.Driver"
2025-08-11 21:14:16 [restartedMain] DEBUG com.zaxxer.hikari.HikariConfig - exceptionOverrideClassName......none
2025-08-11 21:14:16 [restartedMain] DEBUG com.zaxxer.hikari.HikariConfig - healthCheckProperties...........{}
2025-08-11 21:14:16 [restartedMain] DEBUG com.zaxxer.hikari.HikariConfig - healthCheckRegistry.............none
2025-08-11 21:14:16 [restartedMain] DEBUG com.zaxxer.hikari.HikariConfig - idleTimeout.....................600000
2025-08-11 21:14:16 [restartedMain] DEBUG com.zaxxer.hikari.HikariConfig - initializationFailTimeout.......1
2025-08-11 21:14:16 [restartedMain] DEBUG com.zaxxer.hikari.HikariConfig - isolateInternalQueries..........false
2025-08-11 21:14:16 [restartedMain] DEBUG com.zaxxer.hikari.HikariConfig - jdbcUrl.........................jdbc:h2:file:./inventory_management_db;DB_CLOSE_ON_EXIT=FALSE;DB_CLOSE_DELAY=-1
2025-08-11 21:14:16 [restartedMain] DEBUG com.zaxxer.hikari.HikariConfig - keepaliveTime...................0
2025-08-11 21:14:16 [restartedMain] DEBUG com.zaxxer.hikari.HikariConfig - leakDetectionThreshold..........0
2025-08-11 21:14:16 [restartedMain] DEBUG com.zaxxer.hikari.HikariConfig - maxLifetime.....................1800000
2025-08-11 21:14:16 [restartedMain] DEBUG com.zaxxer.hikari.HikariConfig - maximumPoolSize.................10
2025-08-11 21:14:16 [restartedMain] DEBUG com.zaxxer.hikari.HikariConfig - metricRegistry..................none
2025-08-11 21:14:16 [restartedMain] DEBUG com.zaxxer.hikari.HikariConfig - metricsTrackerFactory...........none
2025-08-11 21:14:16 [restartedMain] DEBUG com.zaxxer.hikari.HikariConfig - minimumIdle.....................10
2025-08-11 21:14:16 [restartedMain] DEBUG com.zaxxer.hikari.HikariConfig - password........................<masked>
2025-08-11 21:14:16 [restartedMain] DEBUG com.zaxxer.hikari.HikariConfig - poolName........................"HikariPool-4"
2025-08-11 21:14:16 [restartedMain] DEBUG com.zaxxer.hikari.HikariConfig - readOnly........................false
2025-08-11 21:14:16 [restartedMain] DEBUG com.zaxxer.hikari.HikariConfig - registerMbeans..................false
2025-08-11 21:14:16 [restartedMain] DEBUG com.zaxxer.hikari.HikariConfig - scheduledExecutor...............none
2025-08-11 21:14:16 [restartedMain] DEBUG com.zaxxer.hikari.HikariConfig - schema..........................none
2025-08-11 21:14:16 [restartedMain] DEBUG com.zaxxer.hikari.HikariConfig - threadFactory...................internal
2025-08-11 21:14:16 [restartedMain] DEBUG com.zaxxer.hikari.HikariConfig - transactionIsolation............default
2025-08-11 21:14:16 [restartedMain] DEBUG com.zaxxer.hikari.HikariConfig - username........................"rajiv"
2025-08-11 21:14:16 [restartedMain] DEBUG com.zaxxer.hikari.HikariConfig - validationTimeout...............5000
2025-08-11 21:14:16 [restartedMain] INFO  com.zaxxer.hikari.HikariDataSource - HikariPool-4 - Starting...
2025-08-11 21:14:16 [restartedMain] INFO  com.zaxxer.hikari.pool.HikariPool - HikariPool-4 - Added connection conn30: url=jdbc:h2:file:./inventory_management_db user=RAJIV
2025-08-11 21:14:16 [restartedMain] INFO  com.zaxxer.hikari.HikariDataSource - HikariPool-4 - Start completed.
2025-08-11 21:14:16 [restartedMain] INFO  o.s.b.a.h.H2ConsoleAutoConfiguration - H2 console available at '/h2-console'. Database available at 'jdbc:h2:file:./inventory_management_db'
2025-08-11 21:14:16 [restartedMain] INFO  o.h.jpa.internal.util.LogHelper - HHH000204: Processing PersistenceUnitInfo [name: default]
2025-08-11 21:14:16 [restartedMain] INFO  o.h.c.i.RegionFactoryInitiator - HHH000026: Second-level cache disabled
2025-08-11 21:14:16 [restartedMain] INFO  o.s.o.j.p.SpringPersistenceUnitInfo - No LoadTimeWeaver setup: ignoring JPA class transformer
2025-08-11 21:14:16 [restartedMain] INFO  o.h.e.t.j.p.i.JtaPlatformInitiator - HHH000489: No JTA platform available (set 'hibernate.transaction.jta.platform' to enable JTA platform integration)
2025-08-11 21:14:16 [restartedMain] INFO  o.s.o.j.LocalContainerEntityManagerFactoryBean - Initialized JPA EntityManagerFactory for persistence unit 'default'
2025-08-11 21:14:16 [restartedMain] WARN  o.s.b.a.o.j.JpaBaseConfiguration$JpaWebConfiguration - spring.jpa.open-in-view is enabled by default. Therefore, database queries may be performed during view rendering. Explicitly configure spring.jpa.open-in-view to disable this warning
2025-08-11 21:14:16 [restartedMain] INFO  o.s.s.c.a.a.c.InitializeUserDetailsBeanManagerConfigurer$InitializeUserDetailsManagerConfigurer - Global AuthenticationManager configured with UserDetailsService bean with name userService
2025-08-11 21:14:16 [restartedMain] INFO  o.s.b.d.a.OptionalLiveReloadServer - LiveReload server is running on port 35729
2025-08-11 21:14:16 [restartedMain] INFO  o.s.b.w.e.tomcat.TomcatWebServer - Tomcat started on port 8080 (http) with context path '/swarajtraders'
2025-08-11 21:14:16 [restartedMain] INFO  c.s.i.InventoryManagementApplication - Started InventoryManagementApplication in 0.555 seconds (process running for 634.219)
2025-08-11 21:14:16 [restartedMain] INFO  c.s.i.LoggingConfig - Log directory already exists: .
2025-08-11 21:14:16 [restartedMain] INFO  c.s.i.LoggingConfig - Log directory is writable: .
2025-08-11 21:14:16 [restartedMain] INFO  o.s.b.d.a.ConditionEvaluationDeltaLoggingListener - Condition evaluation unchanged
2025-08-11 21:15:14 [File Watcher] INFO  o.s.b.d.a.LocalDevToolsAutoConfiguration$RestartingClassPathChangeChangedEventListener - Restarting due to 3 class path changes (0 additions, 0 deletions, 3 modifications)
2025-08-11 21:15:15 [Thread-16] INFO  o.s.o.j.LocalContainerEntityManagerFactoryBean - Closing JPA EntityManagerFactory for persistence unit 'default'
2025-08-11 21:15:15 [Thread-16] INFO  com.zaxxer.hikari.HikariDataSource - HikariPool-4 - Shutdown initiated...
2025-08-11 21:15:15 [Thread-16] INFO  com.zaxxer.hikari.HikariDataSource - HikariPool-4 - Shutdown completed.
2025-08-11 21:15:15 [restartedMain] INFO  c.s.i.InventoryManagementApplication - Starting InventoryManagementApplication using Java 21.0.8 with PID 14920 (D:\Study\Rajiv\Cursor\inventory_management_jdk21\target\classes started by TU-PC in D:\Study\Rajiv\Cursor\inventory_management_jdk21)
2025-08-11 21:15:15 [restartedMain] INFO  c.s.i.InventoryManagementApplication - No active profile set, falling back to 1 default profile: "default"
2025-08-11 21:15:15 [restartedMain] INFO  o.s.d.r.c.RepositoryConfigurationDelegate - Bootstrapping Spring Data JPA repositories in DEFAULT mode.
2025-08-11 21:15:15 [restartedMain] INFO  o.s.d.r.c.RepositoryConfigurationDelegate - Finished Spring Data repository scanning in 19 ms. Found 3 JPA repository interfaces.
2025-08-11 21:15:15 [restartedMain] INFO  o.s.b.w.e.tomcat.TomcatWebServer - Tomcat initialized with port 8080 (http)
2025-08-11 21:15:15 [restartedMain] INFO  o.a.catalina.core.StandardService - Starting service [Tomcat]
2025-08-11 21:15:15 [restartedMain] INFO  o.a.catalina.core.StandardEngine - Starting Servlet engine: [Apache Tomcat/10.1.31]
2025-08-11 21:15:15 [restartedMain] INFO  o.apache.jasper.servlet.TldScanner - At least one JAR was scanned for TLDs yet contained no TLDs. Enable debug logging for this logger for a complete list of JARs that were scanned but no TLDs were found in them. Skipping unneeded JARs during scanning can improve startup time and JSP compilation time.
2025-08-11 21:15:15 [restartedMain] INFO  o.a.c.c.C.[.[.[/swarajtraders] - Initializing Spring embedded WebApplicationContext
2025-08-11 21:15:15 [restartedMain] INFO  o.s.b.w.s.c.ServletWebServerApplicationContext - Root WebApplicationContext: initialization completed in 272 ms
2025-08-11 21:15:15 [restartedMain] DEBUG com.zaxxer.hikari.HikariConfig - Driver class org.h2.Driver found in Thread context class loader jdk.internal.loader.ClassLoaders$AppClassLoader@33909752
2025-08-11 21:15:15 [restartedMain] DEBUG com.zaxxer.hikari.HikariConfig - HikariPool-5 - configuration:
2025-08-11 21:15:15 [restartedMain] DEBUG com.zaxxer.hikari.HikariConfig - allowPoolSuspension.............false
2025-08-11 21:15:15 [restartedMain] DEBUG com.zaxxer.hikari.HikariConfig - autoCommit......................true
2025-08-11 21:15:15 [restartedMain] DEBUG com.zaxxer.hikari.HikariConfig - catalog.........................none
2025-08-11 21:15:15 [restartedMain] DEBUG com.zaxxer.hikari.HikariConfig - connectionInitSql...............none
2025-08-11 21:15:15 [restartedMain] DEBUG com.zaxxer.hikari.HikariConfig - connectionTestQuery.............none
2025-08-11 21:15:15 [restartedMain] DEBUG com.zaxxer.hikari.HikariConfig - connectionTimeout...............30000
2025-08-11 21:15:15 [restartedMain] DEBUG com.zaxxer.hikari.HikariConfig - dataSource......................none
2025-08-11 21:15:15 [restartedMain] DEBUG com.zaxxer.hikari.HikariConfig - dataSourceClassName.............none
2025-08-11 21:15:15 [restartedMain] DEBUG com.zaxxer.hikari.HikariConfig - dataSourceJNDI..................none
2025-08-11 21:15:15 [restartedMain] DEBUG com.zaxxer.hikari.HikariConfig - dataSourceProperties............{password=<masked>}
2025-08-11 21:15:15 [restartedMain] DEBUG com.zaxxer.hikari.HikariConfig - driverClassName................."org.h2.Driver"
2025-08-11 21:15:15 [restartedMain] DEBUG com.zaxxer.hikari.HikariConfig - exceptionOverrideClassName......none
2025-08-11 21:15:15 [restartedMain] DEBUG com.zaxxer.hikari.HikariConfig - healthCheckProperties...........{}
2025-08-11 21:15:15 [restartedMain] DEBUG com.zaxxer.hikari.HikariConfig - healthCheckRegistry.............none
2025-08-11 21:15:15 [restartedMain] DEBUG com.zaxxer.hikari.HikariConfig - idleTimeout.....................600000
2025-08-11 21:15:15 [restartedMain] DEBUG com.zaxxer.hikari.HikariConfig - initializationFailTimeout.......1
2025-08-11 21:15:15 [restartedMain] DEBUG com.zaxxer.hikari.HikariConfig - isolateInternalQueries..........false
2025-08-11 21:15:15 [restartedMain] DEBUG com.zaxxer.hikari.HikariConfig - jdbcUrl.........................jdbc:h2:file:./inventory_management_db;DB_CLOSE_ON_EXIT=FALSE;DB_CLOSE_DELAY=-1
2025-08-11 21:15:15 [restartedMain] DEBUG com.zaxxer.hikari.HikariConfig - keepaliveTime...................0
2025-08-11 21:15:15 [restartedMain] DEBUG com.zaxxer.hikari.HikariConfig - leakDetectionThreshold..........0
2025-08-11 21:15:15 [restartedMain] DEBUG com.zaxxer.hikari.HikariConfig - maxLifetime.....................1800000
2025-08-11 21:15:15 [restartedMain] DEBUG com.zaxxer.hikari.HikariConfig - maximumPoolSize.................10
2025-08-11 21:15:15 [restartedMain] DEBUG com.zaxxer.hikari.HikariConfig - metricRegistry..................none
2025-08-11 21:15:15 [restartedMain] DEBUG com.zaxxer.hikari.HikariConfig - metricsTrackerFactory...........none
2025-08-11 21:15:15 [restartedMain] DEBUG com.zaxxer.hikari.HikariConfig - minimumIdle.....................10
2025-08-11 21:15:15 [restartedMain] DEBUG com.zaxxer.hikari.HikariConfig - password........................<masked>
2025-08-11 21:15:15 [restartedMain] DEBUG com.zaxxer.hikari.HikariConfig - poolName........................"HikariPool-5"
2025-08-11 21:15:15 [restartedMain] DEBUG com.zaxxer.hikari.HikariConfig - readOnly........................false
2025-08-11 21:15:15 [restartedMain] DEBUG com.zaxxer.hikari.HikariConfig - registerMbeans..................false
2025-08-11 21:15:15 [restartedMain] DEBUG com.zaxxer.hikari.HikariConfig - scheduledExecutor...............none
2025-08-11 21:15:15 [restartedMain] DEBUG com.zaxxer.hikari.HikariConfig - schema..........................none
2025-08-11 21:15:15 [restartedMain] DEBUG com.zaxxer.hikari.HikariConfig - threadFactory...................internal
2025-08-11 21:15:15 [restartedMain] DEBUG com.zaxxer.hikari.HikariConfig - transactionIsolation............default
2025-08-11 21:15:15 [restartedMain] DEBUG com.zaxxer.hikari.HikariConfig - username........................"rajiv"
2025-08-11 21:15:15 [restartedMain] DEBUG com.zaxxer.hikari.HikariConfig - validationTimeout...............5000
2025-08-11 21:15:15 [restartedMain] INFO  com.zaxxer.hikari.HikariDataSource - HikariPool-5 - Starting...
2025-08-11 21:15:15 [restartedMain] INFO  com.zaxxer.hikari.pool.HikariPool - HikariPool-5 - Added connection conn40: url=jdbc:h2:file:./inventory_management_db user=RAJIV
2025-08-11 21:15:15 [restartedMain] INFO  com.zaxxer.hikari.HikariDataSource - HikariPool-5 - Start completed.
2025-08-11 21:15:15 [restartedMain] INFO  o.s.b.a.h.H2ConsoleAutoConfiguration - H2 console available at '/h2-console'. Database available at 'jdbc:h2:file:./inventory_management_db'
2025-08-11 21:15:15 [restartedMain] INFO  o.h.jpa.internal.util.LogHelper - HHH000204: Processing PersistenceUnitInfo [name: default]
2025-08-11 21:15:15 [restartedMain] INFO  o.h.c.i.RegionFactoryInitiator - HHH000026: Second-level cache disabled
2025-08-11 21:15:15 [restartedMain] INFO  o.s.o.j.p.SpringPersistenceUnitInfo - No LoadTimeWeaver setup: ignoring JPA class transformer
2025-08-11 21:15:15 [restartedMain] INFO  o.h.e.t.j.p.i.JtaPlatformInitiator - HHH000489: No JTA platform available (set 'hibernate.transaction.jta.platform' to enable JTA platform integration)
2025-08-11 21:15:15 [restartedMain] INFO  o.s.o.j.LocalContainerEntityManagerFactoryBean - Initialized JPA EntityManagerFactory for persistence unit 'default'
2025-08-11 21:15:15 [restartedMain] WARN  o.s.b.a.o.j.JpaBaseConfiguration$JpaWebConfiguration - spring.jpa.open-in-view is enabled by default. Therefore, database queries may be performed during view rendering. Explicitly configure spring.jpa.open-in-view to disable this warning
2025-08-11 21:15:15 [restartedMain] INFO  o.s.s.c.a.a.c.InitializeUserDetailsBeanManagerConfigurer$InitializeUserDetailsManagerConfigurer - Global AuthenticationManager configured with UserDetailsService bean with name userService
2025-08-11 21:15:15 [restartedMain] INFO  o.s.b.d.a.OptionalLiveReloadServer - LiveReload server is running on port 35729
2025-08-11 21:15:15 [restartedMain] INFO  o.s.b.w.e.tomcat.TomcatWebServer - Tomcat started on port 8080 (http) with context path '/swarajtraders'
2025-08-11 21:15:15 [restartedMain] INFO  c.s.i.InventoryManagementApplication - Started InventoryManagementApplication in 0.56 seconds (process running for 693.568)
2025-08-11 21:15:15 [restartedMain] INFO  c.s.i.LoggingConfig - Log directory already exists: .
2025-08-11 21:15:15 [restartedMain] INFO  c.s.i.LoggingConfig - Log directory is writable: .
2025-08-11 21:15:15 [restartedMain] INFO  o.s.b.d.a.ConditionEvaluationDeltaLoggingListener - Condition evaluation unchanged
2025-08-11 21:15:28 [http-nio-8080-exec-1] INFO  o.a.c.c.C.[.[.[/swarajtraders] - Initializing Spring DispatcherServlet 'dispatcherServlet'
2025-08-11 21:15:28 [http-nio-8080-exec-1] INFO  o.s.web.servlet.DispatcherServlet - Initializing Servlet 'dispatcherServlet'
2025-08-11 21:15:28 [http-nio-8080-exec-1] INFO  o.s.web.servlet.DispatcherServlet - Completed initialization in 1 ms
2025-08-11 21:15:30 [http-nio-8080-exec-6] INFO  c.s.i.item.controller.ItemController - Listing all items
2025-08-11 21:15:30 [http-nio-8080-exec-6] INFO  c.s.i.item.controller.ItemController - Found 2 items
2025-08-11 21:15:35 [http-nio-8080-exec-1] INFO  c.s.i.item.controller.ItemController - Showing edit item form for ID: 1
2025-08-11 21:15:35 [http-nio-8080-exec-1] INFO  c.s.i.item.controller.ItemController - Found item to edit: Sample Product 1
2025-08-11 21:15:54 [http-nio-8080-exec-6] INFO  c.s.i.item.controller.ItemController - Processing edit item request for ID: 1, Name: Sample Product 1
2025-08-11 21:15:54 [http-nio-8080-exec-6] INFO  c.s.i.item.controller.ItemController - Attempting to update item in database
2025-08-11 21:15:54 [http-nio-8080-exec-6] INFO  c.s.i.item.controller.ItemController - Item updated successfully with ID: 1
2025-08-11 21:15:54 [http-nio-8080-exec-8] INFO  c.s.i.item.controller.ItemController - Listing all items
2025-08-11 21:15:54 [http-nio-8080-exec-8] INFO  c.s.i.item.controller.ItemController - Found 2 items
2025-08-11 21:16:29 [http-nio-8080-exec-8] INFO  c.s.i.item.controller.ItemController - Listing all items
2025-08-11 21:16:29 [http-nio-8080-exec-8] INFO  c.s.i.item.controller.ItemController - Found 2 items
